<?xml version="1.0" encoding="UTF-8"?>
<Site BuildName="Linux-clang++-15"
	BuildStamp="20230915-1257-Experimental"
	Name="kali"
	Generator="ctest-3.27.4"
	CompilerName="/usr/bin/clang++-15"
	CompilerVersion=""
	OSName="Linux"
	Hostname="kali"
	OSRelease="6.3.0-kali1-amd64"
	OSVersion="#1 SMP PREEMPT_DYNAMIC Debian 6.3.7-1kali1 (2023-06-29)"
	OSPlatform="x86_64"
	Is64Bits="1"
	VendorString="AuthenticAMD"
	VendorID="Advanced Micro Devices"
	FamilyID="23"
	ModelID="96"
	ProcessorCacheSize="512"
	NumberOfLogicalCPU="2"
	NumberOfPhysicalCPU="2"
	TotalVirtualMemory="1023"
	TotalPhysicalMemory="7941"
	LogicalProcessorsPerPhysical="1"
	ProcessorClockFrequency="2894.56"
	>
	<Testing>
		<StartDateTime>Sep 15 08:57 EDT</StartDateTime>
		<StartTestTime>1694782640</StartTestTime>
		<TestList/>
		<EndDateTime>Sep 15 08:57 EDT</EndDateTime>
		<EndTestTime>1694782640</EndTestTime>
		<ElapsedMinutes>0</ElapsedMinutes>
	</Testing>
</Site>
